<?xml version="1.0" encoding="UTF-8"?>
<!-- Generated by org.testng.reporters.JUnitReportReporter -->
<testsuite skipped="0" hostname="DELL-PC" name="com.testcases.Login_test" tests="1" failures="0" timestamp="11 Jun 2019 07:27:12 GMT" time="37.233" errors="0">
  <testcase name="verify_login" time="37.233" classname="com.testcases.Login_test"/>
</testsuite> <!-- com.testcases.Login_test -->
