<?xml version="1.0" encoding="UTF-8"?>
<!-- Generated by org.testng.reporters.JUnitReportReporter -->
<testsuite skipped="0" hostname="DELL-PC" name="com.testcases.EM_status_test" tests="1" failures="0" timestamp="11 Jun 2019 07:27:12 GMT" time="14.483" errors="0">
  <testcase name="status_verify" time="14.483" classname="com.testcases.EM_status_test"/>
</testsuite> <!-- com.testcases.EM_status_test -->
