<?xml version="1.0" encoding="UTF-8"?>
<!-- Generated by org.testng.reporters.JUnitReportReporter -->
<testsuite skipped="0" hostname="DELL-PC" name="com.testcases.EM_test" tests="1" failures="0" timestamp="06 Jun 2019 10:28:50 GMT" time="47.364" errors="0">
  <testcase name="verify_Employee_creation" time="47.364" classname="com.testcases.EM_test"/>
</testsuite> <!-- com.testcases.EM_test -->
