<?xml version="1.0" encoding="UTF-8"?>
<!-- Generated by org.testng.reporters.JUnitReportReporter -->
<testsuite hostname="pkshipin" name="com.testcases.Login_test" tests="1" failures="0" timestamp="13 Jul 2019 05:58:26 GMT" time="56.200" errors="0">
  <testcase name="verify_login" time="56.200" classname="com.testcases.Login_test"/>
</testsuite> <!-- com.testcases.Login_test -->
